<?xml version="1.0" encoding="UTF-8"?>
<testsuite name="CalculadoraMockK" tests="4" skipped="0" failures="0" errors="0" timestamp="2024-02-15T08:51:51" hostname="arri-kali" time="1.261">
  <properties/>
  <testcase name="Debería sumar ambos valores" classname="CalculadoraMockK" time="1.166"/>
  <testcase name="Debería restar el segundo valor al primero" classname="CalculadoraMockK" time="0.018"/>
  <testcase name="Debería multiplicar ambos valores" classname="CalculadoraMockK" time="0.01"/>
  <testcase name="Debería dividir el segundo valor al primero" classname="CalculadoraMockK" time="0.01"/>
  <system-out><![CDATA[]]></system-out>
  <system-err><![CDATA[]]></system-err>
</testsuite>
